<?xml version="1.0" encoding="UTF-8"?>
<!-- Generated by org.testng.reporters.JUnitReportReporter -->
<testsuite hostname="PRESTAMOS-PC101" failures="0" tests="1" name="efemispruebas.Prueba2" time="64.770" errors="0" timestamp="2024-04-08T12:26:09 CEST" skipped="0">
  <testcase classname="efemispruebas.Prueba2" name="testAutomatizacion" time="64.770"/>
</testsuite> <!-- efemispruebas.Prueba2 -->
